<?xml version="1.0" encoding="UTF-8"?>
<testng-results ignored="0" total="1" passed="1" failed="0" skipped="0">
  <reporter-output>
  </reporter-output>
  <suite started-at="2026-06-16T20:29:51 IST" name="Default suite" finished-at="2026-06-16T20:29:53 IST" duration-ms="2127">
    <groups>
    </groups>
    <test started-at="2026-06-16T20:29:51 IST" name="Default test" finished-at="2026-06-16T20:29:53 IST" duration-ms="2127">
      <class name="com.tests.UpdateUserPatch">
        <test-method signature="updateUserPatch()[pri:0, instance:com.tests.UpdateUserPatch@647e447]" started-at="2026-06-16T20:29:51 IST" name="updateUserPatch" finished-at="2026-06-16T20:29:53 IST" duration-ms="2092" status="PASS">
          <reporter-output>
          </reporter-output>
        </test-method> <!-- updateUserPatch -->
      </class> <!-- com.tests.UpdateUserPatch -->
    </test> <!-- Default test -->
  </suite> <!-- Default suite -->
</testng-results>
